2017-02-16 19:37:23,761:761.959075928 - ubuntu_sso.utils.translation - WARNING - Translations not found, using null translator.
2017-02-16 19:37:24,104:104.085922241 - ubuntu_sso.main - INFO - Setting up Ubuntu SSO service.
2017-02-16 19:37:24,544:544.975996017 - ubuntu_sso.main - INFO - Ubuntu SSO service started.
2017-02-16 19:37:24,545:545.241117477 - ubuntu_sso.account - INFO - Creating a new SSO access layer for service url u'https://login.ubuntu.com/api/1.0/'
2017-02-16 19:37:24,571:571.47192955 - ubuntu_sso.credentials - INFO - find_credentials: self.app_name dbus.String(u'Ubuntu One'), result is {}? True
2017-02-16 19:37:24,571:571.731090546 - ubuntu_sso.main - INFO - 'CredentialsManagement': emitting 'CredentialsNotFound' with args (dbus.String(u'Ubuntu One'),) and kwargs {}
2017-02-16 19:37:34,629:629.610061646 - ubuntu_sso.main - INFO - Shutting down, calling <function shutdown_func at 0x7f17d80b8938>.
2017-02-16 19:41:46,416:416.36300087 - ubuntu_sso.utils.translation - WARNING - Translations not found, using null translator.
2017-02-16 19:41:46,432:432.346105576 - ubuntu_sso.main - INFO - Setting up Ubuntu SSO service.
2017-02-16 19:41:46,437:437.634944916 - ubuntu_sso.main - INFO - Ubuntu SSO service started.
2017-02-16 19:41:46,437:437.858104706 - ubuntu_sso.account - INFO - Creating a new SSO access layer for service url u'https://login.ubuntu.com/api/1.0/'
2017-02-16 19:41:46,446:446.536064148 - ubuntu_sso.credentials - INFO - find_credentials: self.app_name dbus.String(u'Ubuntu One'), result is {}? True
2017-02-16 19:41:46,446:446.69508934 - ubuntu_sso.main - INFO - 'CredentialsManagement': emitting 'CredentialsNotFound' with args (dbus.String(u'Ubuntu One'),) and kwargs {}
2017-02-16 19:41:56,455:455.34491539 - ubuntu_sso.main - INFO - Shutting down, calling <function shutdown_func at 0x7f943311d938>.
2017-02-17 20:00:48,566:566.138982773 - ubuntu_sso.utils.translation - WARNING - Translations not found, using null translator.
2017-02-17 20:00:48,864:864.567995071 - ubuntu_sso.main - INFO - Setting up Ubuntu SSO service.
2017-02-17 20:00:48,954:954.489946365 - ubuntu_sso.main - INFO - Ubuntu SSO service started.
2017-02-17 20:00:48,954:954.632043839 - ubuntu_sso.account - INFO - Creating a new SSO access layer for service url u'https://login.ubuntu.com/api/1.0/'
2017-02-17 20:00:48,978:978.629112244 - ubuntu_sso.credentials - INFO - find_credentials: self.app_name dbus.String(u'Ubuntu One'), result is {}? True
2017-02-17 20:00:48,978:978.858947754 - ubuntu_sso.main - INFO - 'CredentialsManagement': emitting 'CredentialsNotFound' with args (dbus.String(u'Ubuntu One'),) and kwargs {}
2017-02-17 20:00:59,024:24.4090557098 - ubuntu_sso.main - INFO - Shutting down, calling <function shutdown_func at 0x7f2e53fcb938>.
2017-02-17 20:05:48,993:993.077039719 - ubuntu_sso.utils.translation - WARNING - Translations not found, using null translator.
2017-02-17 20:05:49,008:8.88800621033 - ubuntu_sso.main - INFO - Setting up Ubuntu SSO service.
2017-02-17 20:05:49,013:13.9310359955 - ubuntu_sso.main - INFO - Ubuntu SSO service started.
2017-02-17 20:05:49,014:14.07289505 - ubuntu_sso.account - INFO - Creating a new SSO access layer for service url u'https://login.ubuntu.com/api/1.0/'
2017-02-17 20:05:49,021:21.9159126282 - ubuntu_sso.credentials - INFO - find_credentials: self.app_name dbus.String(u'Ubuntu One'), result is {}? True
2017-02-17 20:05:49,022:22.0899581909 - ubuntu_sso.main - INFO - 'CredentialsManagement': emitting 'CredentialsNotFound' with args (dbus.String(u'Ubuntu One'),) and kwargs {}
2017-02-17 20:05:59,031:31.9540500641 - ubuntu_sso.main - INFO - Shutting down, calling <function shutdown_func at 0x7f035525a938>.
2017-02-17 20:10:48,980:980.431079865 - ubuntu_sso.utils.translation - WARNING - Translations not found, using null translator.
2017-02-17 20:10:48,995:995.250940323 - ubuntu_sso.main - INFO - Setting up Ubuntu SSO service.
2017-02-17 20:10:49,000:0.201940536499 - ubuntu_sso.main - INFO - Ubuntu SSO service started.
2017-02-17 20:10:49,000:0.344038009644 - ubuntu_sso.account - INFO - Creating a new SSO access layer for service url u'https://login.ubuntu.com/api/1.0/'
2017-02-17 20:10:49,012:12.6330852509 - ubuntu_sso.credentials - INFO - find_credentials: self.app_name dbus.String(u'Ubuntu One'), result is {}? True
2017-02-17 20:10:49,012:12.8560066223 - ubuntu_sso.main - INFO - 'CredentialsManagement': emitting 'CredentialsNotFound' with args (dbus.String(u'Ubuntu One'),) and kwargs {}
2017-02-17 20:10:59,022:22.7830410004 - ubuntu_sso.main - INFO - Shutting down, calling <function shutdown_func at 0x7f3cd149d938>.
2017-02-26 22:37:44,412:412.822961807 - ubuntu_sso.utils.translation - WARNING - Translations not found, using null translator.
2017-02-26 22:37:44,586:586.513996124 - ubuntu_sso.main - INFO - Setting up Ubuntu SSO service.
2017-02-26 22:37:44,700:700.746059418 - ubuntu_sso.main - INFO - Ubuntu SSO service started.
2017-02-26 22:37:44,700:700.964927673 - ubuntu_sso.account - INFO - Creating a new SSO access layer for service url u'https://login.ubuntu.com/api/1.0/'
2017-02-26 22:37:44,749:749.356031418 - ubuntu_sso.credentials - INFO - find_credentials: self.app_name dbus.String(u'Ubuntu One'), result is {}? True
2017-02-26 22:37:44,749:749.620914459 - ubuntu_sso.main - INFO - 'CredentialsManagement': emitting 'CredentialsNotFound' with args (dbus.String(u'Ubuntu One'),) and kwargs {}
2017-02-26 22:37:54,765:765.219926834 - ubuntu_sso.main - INFO - Shutting down, calling <function shutdown_func at 0x7f8749a9e938>.
2017-02-26 22:42:44,821:821.667909622 - ubuntu_sso.utils.translation - WARNING - Translations not found, using null translator.
2017-02-26 22:42:44,836:836.049079895 - ubuntu_sso.main - INFO - Setting up Ubuntu SSO service.
2017-02-26 22:42:44,840:840.913057327 - ubuntu_sso.main - INFO - Ubuntu SSO service started.
2017-02-26 22:42:44,841:841.048955917 - ubuntu_sso.account - INFO - Creating a new SSO access layer for service url u'https://login.ubuntu.com/api/1.0/'
2017-02-26 22:42:44,847:847.87607193 - ubuntu_sso.credentials - INFO - find_credentials: self.app_name dbus.String(u'Ubuntu One'), result is {}? True
2017-02-26 22:42:44,848:848.046064377 - ubuntu_sso.main - INFO - 'CredentialsManagement': emitting 'CredentialsNotFound' with args (dbus.String(u'Ubuntu One'),) and kwargs {}
2017-02-26 22:42:54,849:849.018096924 - ubuntu_sso.main - INFO - Shutting down, calling <function shutdown_func at 0x7efe747b9938>.
2017-03-17 20:12:37,889:889.122009277 - ubuntu_sso.utils.translation - WARNING - Translations not found, using null translator.
2017-03-17 20:12:38,091:91.1309719086 - ubuntu_sso.main - INFO - Setting up Ubuntu SSO service.
2017-03-17 20:12:38,160:160.641908646 - ubuntu_sso.main - INFO - Ubuntu SSO service started.
2017-03-17 20:12:38,160:160.840988159 - ubuntu_sso.account - INFO - Creating a new SSO access layer for service url u'https://login.ubuntu.com/api/1.0/'
2017-03-17 20:12:38,200:200.381994247 - ubuntu_sso.credentials - INFO - find_credentials: self.app_name dbus.String(u'Ubuntu One'), result is {}? True
2017-03-17 20:12:38,200:200.567960739 - ubuntu_sso.main - INFO - 'CredentialsManagement': emitting 'CredentialsNotFound' with args (dbus.String(u'Ubuntu One'),) and kwargs {}
2017-03-17 20:12:48,223:223.359107971 - ubuntu_sso.main - INFO - Shutting down, calling <function shutdown_func at 0x7fdfc62bc938>.
2017-03-17 20:17:38,243:243.738889694 - ubuntu_sso.utils.translation - WARNING - Translations not found, using null translator.
2017-03-17 20:17:38,258:258.157968521 - ubuntu_sso.main - INFO - Setting up Ubuntu SSO service.
2017-03-17 20:17:38,262:262.717008591 - ubuntu_sso.main - INFO - Ubuntu SSO service started.
2017-03-17 20:17:38,262:262.851953506 - ubuntu_sso.account - INFO - Creating a new SSO access layer for service url u'https://login.ubuntu.com/api/1.0/'
2017-03-17 20:17:38,269:269.666910172 - ubuntu_sso.credentials - INFO - find_credentials: self.app_name dbus.String(u'Ubuntu One'), result is {}? True
2017-03-17 20:17:38,269:269.819021225 - ubuntu_sso.main - INFO - 'CredentialsManagement': emitting 'CredentialsNotFound' with args (dbus.String(u'Ubuntu One'),) and kwargs {}
2017-03-17 20:17:48,280:280.016899109 - ubuntu_sso.main - INFO - Shutting down, calling <function shutdown_func at 0x7f6b31c9e938>.
2017-06-05 16:54:00,820:820.702075958 - ubuntu_sso.utils.translation - WARNING - Translations not found, using null translator.
2017-06-05 16:54:01,022:22.1359729767 - ubuntu_sso.main - INFO - Setting up Ubuntu SSO service.
2017-06-05 16:54:01,087:87.4030590057 - ubuntu_sso.main - INFO - Ubuntu SSO service started.
2017-06-05 16:54:01,087:87.620973587 - ubuntu_sso.account - INFO - Creating a new SSO access layer for service url u'https://login.ubuntu.com/api/1.0/'
2017-06-05 16:54:01,105:105.848073959 - ubuntu_sso.credentials - INFO - find_credentials: self.app_name dbus.String(u'Ubuntu One'), result is {}? True
2017-06-05 16:54:01,105:105.998039246 - ubuntu_sso.main - INFO - 'CredentialsManagement': emitting 'CredentialsNotFound' with args (dbus.String(u'Ubuntu One'),) and kwargs {}
2017-06-05 16:54:11,128:128.623962402 - ubuntu_sso.main - INFO - Shutting down, calling <function shutdown_func at 0x7f4f42c0c938>.
2017-06-05 16:59:01,395:395.731925964 - ubuntu_sso.utils.translation - WARNING - Translations not found, using null translator.
2017-06-05 16:59:01,410:410.094976425 - ubuntu_sso.main - INFO - Setting up Ubuntu SSO service.
2017-06-05 16:59:01,415:415.050983429 - ubuntu_sso.main - INFO - Ubuntu SSO service started.
2017-06-05 16:59:01,415:415.184020996 - ubuntu_sso.account - INFO - Creating a new SSO access layer for service url u'https://login.ubuntu.com/api/1.0/'
2017-06-05 16:59:01,422:422.259092331 - ubuntu_sso.credentials - INFO - find_credentials: self.app_name dbus.String(u'Ubuntu One'), result is {}? True
2017-06-05 16:59:01,422:422.468900681 - ubuntu_sso.main - INFO - 'CredentialsManagement': emitting 'CredentialsNotFound' with args (dbus.String(u'Ubuntu One'),) and kwargs {}
2017-06-05 16:59:11,426:426.821947098 - ubuntu_sso.main - INFO - Shutting down, calling <function shutdown_func at 0x7fe57e5d3938>.
2017-07-17 08:42:02,328:328.011989594 - ubuntu_sso.utils.translation - WARNING - Translations not found, using null translator.
2017-07-17 08:42:02,677:677.324056625 - ubuntu_sso.main - INFO - Setting up Ubuntu SSO service.
2017-07-17 08:42:02,833:833.517074585 - ubuntu_sso.main - INFO - Ubuntu SSO service started.
2017-07-17 08:42:02,833:833.655118942 - ubuntu_sso.account - INFO - Creating a new SSO access layer for service url u'https://login.ubuntu.com/api/1.0/'
2017-07-17 08:42:02,866:866.291999817 - ubuntu_sso.credentials - INFO - find_credentials: self.app_name dbus.String(u'Ubuntu One'), result is {}? True
2017-07-17 08:42:02,866:866.44411087 - ubuntu_sso.main - INFO - 'CredentialsManagement': emitting 'CredentialsNotFound' with args (dbus.String(u'Ubuntu One'),) and kwargs {}
2017-07-17 08:42:12,879:879.019975662 - ubuntu_sso.main - INFO - Shutting down, calling <function shutdown_func at 0x7fc190358938>.
2017-07-17 08:47:03,691:691.70999527 - ubuntu_sso.utils.translation - WARNING - Translations not found, using null translator.
2017-07-17 08:47:03,705:705.74593544 - ubuntu_sso.main - INFO - Setting up Ubuntu SSO service.
2017-07-17 08:47:03,710:710.362911224 - ubuntu_sso.main - INFO - Ubuntu SSO service started.
2017-07-17 08:47:03,710:710.494995117 - ubuntu_sso.account - INFO - Creating a new SSO access layer for service url u'https://login.ubuntu.com/api/1.0/'
2017-07-17 08:47:03,717:717.156887054 - ubuntu_sso.credentials - INFO - find_credentials: self.app_name dbus.String(u'Ubuntu One'), result is {}? True
2017-07-17 08:47:03,717:717.308998108 - ubuntu_sso.main - INFO - 'CredentialsManagement': emitting 'CredentialsNotFound' with args (dbus.String(u'Ubuntu One'),) and kwargs {}
2017-07-17 08:47:13,724:724.200963974 - ubuntu_sso.main - INFO - Shutting down, calling <function shutdown_func at 0x7f6cb38fc938>.
2017-10-06 17:08:28,479:479.778051376 - ubuntu_sso.utils.translation - WARNING - Translations not found, using null translator.
2017-10-06 17:08:28,866:866.61696434 - ubuntu_sso.main - INFO - Setting up Ubuntu SSO service.
2017-10-06 17:08:28,936:936.681032181 - ubuntu_sso.main - INFO - Ubuntu SSO service started.
2017-10-06 17:08:28,936:936.880111694 - ubuntu_sso.account - INFO - Creating a new SSO access layer for service url u'https://login.ubuntu.com/api/1.0/'
2017-10-06 17:08:28,988:988.743066788 - ubuntu_sso.credentials - INFO - find_credentials: self.app_name dbus.String(u'Ubuntu One'), result is {}? True
2017-10-06 17:08:28,989:989.150047302 - ubuntu_sso.main - INFO - 'CredentialsManagement': emitting 'CredentialsNotFound' with args (dbus.String(u'Ubuntu One'),) and kwargs {}
2017-10-06 17:08:38,999:999.680995941 - ubuntu_sso.main - INFO - Shutting down, calling <function shutdown_func at 0x7fe9bb47b938>.
2017-10-06 17:08:39,389:389.91689682 - ubuntu_sso.utils.translation - WARNING - Translations not found, using null translator.
2017-10-06 17:08:39,404:404.380083084 - ubuntu_sso.main - INFO - Setting up Ubuntu SSO service.
2017-10-06 17:08:39,408:408.64109993 - ubuntu_sso.main - INFO - Ubuntu SSO service started.
2017-10-06 17:08:39,408:408.793926239 - ubuntu_sso.account - INFO - Creating a new SSO access layer for service url u'https://login.ubuntu.com/api/1.0/'
2017-10-06 17:08:39,415:415.400981903 - ubuntu_sso.credentials - INFO - find_credentials: self.app_name dbus.String(u'Ubuntu One'), result is {}? True
2017-10-06 17:08:39,415:415.56096077 - ubuntu_sso.main - INFO - 'CredentialsManagement': emitting 'CredentialsNotFound' with args (dbus.String(u'Ubuntu One'),) and kwargs {}
2017-10-06 17:08:49,425:425.810098648 - ubuntu_sso.main - INFO - Shutting down, calling <function shutdown_func at 0x7fb76bfcd938>.
